<?xml version="1.0" encoding="utf-8" standalone="no"?>
<!--This file represents the results of running a test suite-->
<test-results name="D:\Development\Hadouken\hdkn\src\Tests\Hadouken.UnitTests\bin\Debug\Hadouken.UnitTests.nunit" total="9" errors="0" failures="0" not-run="0" inconclusive="0" ignored="0" skipped="0" invalid="0" date="2012-08-22" time="23:07:11">
  <environment nunit-version="2.6.0.12051" clr-version="2.0.50727.5456" os-version="Microsoft Windows NT 6.1.7601 Service Pack 1" platform="Win32NT" cwd="D:\Development\Tools\NUnit-2.6.0.12051\bin" machine-name="LEON" user="Viktor" user-domain="LEON" />
  <culture-info current-culture="sv-SE" current-uiculture="en-US" />
  <test-suite type="Project" name="D:\Development\Hadouken\hdkn\src\Tests\Hadouken.UnitTests\bin\Debug\Hadouken.UnitTests.nunit" executed="True" result="Success" success="True" time="5.540" asserts="0">
    <results>
      <test-suite type="Assembly" name="D:\Development\Hadouken\hdkn\src\Tests\Hadouken.UnitTests\bin\Debug\Hadouken.UnitTests.dll" executed="True" result="Success" success="True" time="5.540" asserts="0">
        <results>
          <test-suite type="Namespace" name="Hadouken" executed="True" result="Success" success="True" time="5.540" asserts="0">
            <results>
              <test-suite type="Namespace" name="UnitTests" executed="True" result="Success" success="True" time="5.540" asserts="0">
                <results>
                  <test-suite type="Namespace" name="BitTorrent" executed="True" result="Success" success="True" time="0.620" asserts="0">
                    <results>
                      <test-suite type="TestFixture" name="BitTorrentEngineTests" executed="True" result="Success" success="True" time="0.610" asserts="0">
                        <results>
                          <test-case name="Hadouken.UnitTests.BitTorrent.BitTorrentEngineTests.Can_load_and_unload_torrent" executed="True" result="Success" success="True" time="0.600" asserts="3" />
                          <test-case name="Hadouken.UnitTests.BitTorrent.BitTorrentEngineTests.Does_not_care_about_garbage_data" executed="True" result="Success" success="True" time="0.000" asserts="1" />
                          <test-case name="Hadouken.UnitTests.BitTorrent.BitTorrentEngineTests.Does_not_care_about_null_data" executed="True" result="Success" success="True" time="0.000" asserts="1" />
                        </results>
                      </test-suite>
                    </results>
                  </test-suite>
                  <test-suite type="Namespace" name="Data" executed="True" result="Success" success="True" time="3.380" asserts="0">
                    <results>
                      <test-suite type="TestFixture" name="DataRepositoryTests" executed="True" result="Success" success="True" time="3.380" asserts="0">
                        <results>
                          <test-case name="Hadouken.UnitTests.Data.DataRepositoryTests.Can_CRUD_records" executed="True" result="Success" success="True" time="2.730" asserts="3" />
                        </results>
                      </test-suite>
                    </results>
                  </test-suite>
                  <test-suite type="Namespace" name="Http" executed="True" result="Success" success="True" time="0.280" asserts="0">
                    <results>
                      <test-suite type="Namespace" name="Api" executed="True" result="Success" success="True" time="0.220" asserts="0">
                        <results>
                          <test-suite type="TestFixture" name="AddFileTests" executed="True" result="Success" success="True" time="0.160" asserts="0">
                            <results>
                              <test-case name="Hadouken.UnitTests.Http.Api.AddFileTests.Can_add_torrents" executed="True" result="Success" success="True" time="0.160" asserts="1" />
                            </results>
                          </test-suite>
                          <test-suite type="TestFixture" name="StartTorrentTests" executed="True" result="Success" success="True" time="0.060" asserts="0">
                            <results>
                              <test-case name="Hadouken.UnitTests.Http.Api.StartTorrentTests.Can_start_torrent" executed="True" result="Success" success="True" time="0.060" asserts="0" />
                            </results>
                          </test-suite>
                        </results>
                      </test-suite>
                      <test-suite type="TestFixture" name="HttpServerTests" executed="True" result="Success" success="True" time="0.060" asserts="0">
                        <results>
                          <test-case name="Hadouken.UnitTests.Http.HttpServerTests.Can_start_and_stop_HTTP_server" executed="True" result="Success" success="True" time="0.050" asserts="0" />
                        </results>
                      </test-suite>
                    </results>
                  </test-suite>
                  <test-suite type="TestFixture" name="KernelTests" executed="True" result="Success" success="True" time="1.160" asserts="0">
                    <results>
                      <test-case name="Hadouken.UnitTests.KernelTests.Can_register_and_resolve_components" executed="True" result="Success" success="True" time="1.160" asserts="0" />
                    </results>
                  </test-suite>
                  <test-suite type="Namespace" name="Messaging" executed="True" result="Success" success="True" time="0.090" asserts="0">
                    <results>
                      <test-suite type="TestFixture" name="MessageBusTests" executed="True" result="Success" success="True" time="0.090" asserts="0">
                        <results>
                          <test-case name="Hadouken.UnitTests.Messaging.MessageBusTests.Can_send_and_receive_messages" executed="True" result="Success" success="True" time="0.090" asserts="1" />
                        </results>
                      </test-suite>
                    </results>
                  </test-suite>
                </results>
              </test-suite>
            </results>
          </test-suite>
        </results>
      </test-suite>
    </results>
  </test-suite>
</test-results>